[05:31:44.943] [INFO] storybook v10.2.6
[05:31:46.533] [DEBUG] Getting package.json info for /Users/fangafunk/Code/Facile/MonorepoBoilerplate/packages/ui/package.json...
[05:31:46.536] [WARN] You are currently using Storybook 10.2.6 but you have packages which are incompatible with it:

- @storybook/addon-essentials@8.6.14 which depends on 8.6.14
 Repo: https://github.com/storybookjs/storybook/tree/next/code/addons/essentials
- @storybook/addon-interactions@8.6.14 which depends on 8.6.14
 Repo: https://github.com/storybookjs/storybook/tree/next/code/addons/interactions
- @storybook/blocks@8.6.14 which depends on ^8.6.14
 Repo: https://github.com/storybookjs/storybook/tree/next/code/lib/blocks

Please consider updating your packages or contacting the maintainers for compatibility details.

For more details on compatibility guidance, see:
https://github.com/storybookjs/storybook/issues/32836
[05:31:46.552] [ERROR] [38;2;241;97;97mSB_CORE-SERVER_0002 (CriticalPresetLoadError): Storybook failed to load the following preset: @storybook/svelte-vite/preset.

Please check whether your setup is correct, the Storybook dependencies (and their peer dependencies) are installed correctly and there are no package version clashes.

If you believe this is a bug, please open an issue on Github.

Error [ERR_MODULE_NOT_FOUND]: Cannot find package '@storybook/svelte-vite' imported from /Users/fangafunk/Code/Facile/MonorepoBoilerplate/node_modules/storybook/dist/_node-chunks/chunk-ZL6YCEPJ.js
    at Object.getPackageJSONURL (node:internal/modules/package_json_reader:301:9)
    at packageResolve (node:internal/modules/esm/resolve:768:81)
    at moduleResolve (node:internal/modules/esm/resolve:859:18)
    at defaultResolve (node:internal/modules/esm/resolve:991:11)
    at nextResolve (node:internal/modules/esm/hooks:769:28)
    at AsyncLoaderHooksOnLoaderHookWorker.resolve (node:internal/modules/esm/hooks:265:30)
    at MessagePort.handleMessage (node:internal/modules/esm/worker:251:24)
    at [nodejs.internal.kHybridDispatch] (node:internal/event_target:843:20)
    at MessagePort.<anonymous> (node:internal/per_context/messageport:23:28)

More info: 
[39m
    at loadPreset (file:///Users/fangafunk/Code/Facile/MonorepoBoilerplate/node_modules/storybook/dist/_node-chunks/chunk-7TARJQRJ.js:10081:13)
    at async Promise.all (index 0)
    at async loadPresets (file:///Users/fangafunk/Code/Facile/MonorepoBoilerplate/node_modules/storybook/dist/_node-chunks/chunk-7TARJQRJ.js:10090:73)
    at async getPresets (file:///Users/fangafunk/Code/Facile/MonorepoBoilerplate/node_modules/storybook/dist/_node-chunks/chunk-7TARJQRJ.js:10121:23)
    at async buildDevStandalone (file:///Users/fangafunk/Code/Facile/MonorepoBoilerplate/node_modules/storybook/dist/core-server/index.js:7532:17)
    at async withTelemetry (file:///Users/fangafunk/Code/Facile/MonorepoBoilerplate/node_modules/storybook/dist/_node-chunks/chunk-AYHC7DAM.js:218:12)
    at async dev (file:///Users/fangafunk/Code/Facile/MonorepoBoilerplate/node_modules/storybook/dist/bin/core.js:2734:3)
    at async _Command.<anonymous> (file:///Users/fangafunk/Code/Facile/MonorepoBoilerplate/node_modules/storybook/dist/bin/core.js:2801:92)
[05:31:46.555] [WARN] Broken build, fix the error above.
You may need to refresh the browser.
[05:31:46.621] [INFO] Storybook collects completely anonymous usage telemetry. We use it to shape Storybook's roadmap and prioritize features. You can learn more, including how to opt out, at https://storybook.js.org/telemetry